-------------------------------------------------------------------------------
Test set: com.EBusiness.BaseTest
-------------------------------------------------------------------------------
Tests run: 1, Failures: 0, Errors: 1, Skipped: 0, Time elapsed: 0 s <<< FAILURE! - in com.EBusiness.BaseTest
initializationError(com.EBusiness.BaseTest)  Time elapsed: 0 s  <<< ERROR!
java.lang.Exception: No runnable methods

