<?xml version="1.0" encoding="UTF-8"?>
<testsuite xmlns:xsi="http://www.w3.org/2001/XMLSchema-instance" xsi:noNamespaceSchemaLocation="https://maven.apache.org/surefire/maven-surefire-plugin/xsd/surefire-test-report.xsd" name="com.EBusiness.ApiTest.apiTest" time="11.806" tests="1" errors="1" skipped="0" failures="0">
  <properties>
[...]
</properties>
  <testcase name="test" classname="com.EBusiness.ApiTest.apiTest" time="0.043">
    <error type="java.lang.NullPointerException">java.lang.NullPointerException
	at com.EBusiness.ApiTest.apiTest.test(apiTest.java:40)
</error>
    <system-out><![CDATA[[com.mchange.v2.log.MLog] - MLog clients using log4j logging.
[com.mchange.v2.cfg.MConfig] - Could not find resource path text file for path '/com/mchange/v2/cfg/vmConfigResourcePaths.txt'. Skipping.
[com.mchange.v2.cfg.MConfig] - Added paths from resource path text file at '/mchange-config-resource-paths.txt'
[com.mchange.v2.cfg.MConfig] - The configuration file for resource identifier '/mchange-commons.properties' could not be found. Skipping.
[com.mchange.v2.cfg.MConfig] - The configuration file for resource identifier '/mchange-log.properties' could not be found. Skipping.
[com.mchange.v2.cfg.MConfig] - The configuration file for resource identifier 'hocon:/reference,/application,/c3p0,/' could not be found. Skipping.
[com.mchange.v2.log.MLog] - Could not find resource path text file for path '/com/mchange/v2/cfg/vmConfigResourcePaths.txt'. Skipping.
[com.mchange.v2.cfg.MConfig] - The configuration file for resource identifier '/c3p0.properties' could not be found. Skipping.
[com.mchange.v2.log.MLog] - Added paths from resource path text file at '/mchange-config-resource-paths.txt'
[com.mchange.v2.log.MLog] - Reading VM config for path list /com/mchange/v2/log/default-mchange-log.properties, /mchange-commons.properties, /c3p0.properties, hocon:/reference,/application,/c3p0,/, /mchange-log.properties, /
[com.mchange.v2.log.MLog] - The configuration file for resource identifier '/mchange-commons.properties' could not be found. Skipping.
[com.mchange.v2.log.MLog] - The configuration file for resource identifier '/c3p0.properties' could not be found. Skipping.
[com.mchange.v2.log.MLog] - The configuration file for resource identifier 'hocon:/reference,/application,/c3p0,/' could not be found. Skipping.
[com.mchange.v2.log.MLog] - The configuration file for resource identifier '/mchange-log.properties' could not be found. Skipping.
[com.mchange.v2.log.MLog] - Config available to MLog library: com.mchange.v2.cfg.BasicMultiPropertiesConfig@6aaccfc1 [ propertiesByResourcePaths -> {/com/mchange/v2/log/default-mchange-log.properties={com.mchange.v2.log.jdk14logging.suppressStackWalk=true}, /={idea.version=2017.2.6, java.runtime.name=Java(TM) SE Runtime Environment, sun.boot.library.path=D:\Program Files\Java\jdk1.8.0_131\jre\bin, java.vm.version=25.131-b11, java.vm.vendor=Oracle Corporation, java.vendor.url=http://java.oracle.com/, path.separator=;, java.vm.name=Java HotSpot(TM) 64-Bit Server VM, file.encoding.pkg=sun.io, user.country=CN, user.script=, sun.java.launcher=SUN_STANDARD, sun.os.patch.level=, java.vm.specification.name=Java Virtual Machine Specification, user.dir=E:\cyan\EBusiness, java.runtime.version=1.8.0_131-b11, basedir=E:\cyan\EBusiness, java.awt.graphicsenv=sun.awt.Win32GraphicsEnvironment, java.endorsed.dirs=D:\Program Files\Java\jdk1.8.0_131\jre\lib\endorsed, os.arch=amd64, surefire.real.class.path=C:\Users\ADMINI~1.SG-\AppData\Local\Temp\surefire7262330455710934960\surefirebooter785098290000920371.jar, java.io.tmpdir=C:\Users\ADMINI~1.SG-\AppData\Local\Temp\, line.separator=
, java.vm.specification.vendor=Oracle Corporation, user.variant=, os.name=Windows 10, sun.jnu.encoding=GBK, java.library.path=D:\Program Files\Java\jdk1.8.0_131\jre\bin;C:\WINDOWS\Sun\Java\bin;C:\WINDOWS\system32;C:\WINDOWS;D:\Program Files\Java\jre1.8.0_131\bin;C:\WINDOWS\system32;C:\WINDOWS;C:\WINDOWS\System32\Wbem;C:\WINDOWS\System32\WindowsPowerShell\v1.0\;C:\WINDOWS\system32\config\systemprofile\.dnx\bin;C:\Program Files\Microsoft DNX\Dnvm\;E:\Program Files (x86)\Microsoft SQL Server\100\Tools\Binn\;E:\Program Files\Microsoft SQL Server\100\Tools\Binn\;E:\Program Files\Microsoft SQL Server\100\DTS\Binn\;E:\Program Files (x86)\Microsoft SQL Server\100\Tools\Binn\VSShell\Common7\IDE\;C:\Program Files (x86)\Microsoft Visual Studio 9.0\Common7\IDE\PrivateAssemblies\;E:\Program Files (x86)\Microsoft SQL Server\100\DTS\Binn\;D:\Program Files\bin;C:\Program Files\WIDCOMM\Bluetooth Software\;C:\Program Files\WIDCOMM\Bluetooth Software\syswow64;D:\Program Files\Java\jdk1.8.0_131\bin;D:\Program Files\Java\jdk1.8.0_131\jre\bin;D:\hadoop-2.7.4\bin;D:\hadoop-2.7.4\sbin;D:\apache-tomcat-9.0.2\lib;D:\apache-tomcat-9.0.2\bin;D:\Program Files\mysql-5.7.20-winx64\bin;D:\Program Files\mysql-5.7.20-winx64\bin;"D:\Program Files\Java\jdk1.8.0_131\bin;D:\Program Files\Java\jdk1.8.0_131\jre\bin";D:\Program Files\Java\jdk1.8.0_131\bin;D:\VisualSVN Server\bin;E:\Study\apache-maven-3.5.4\bin;D:\Program Files\Git\cmd;D:\Program Files\TortoiseGit\bin;E:\eclipse for j2ee\gradle-4.10.2\bin;D:\Program Files\Java\jdk1.8.0_131\bin;D:\Program Files\nodejs\;D:\Program Files (x86)\Scripts\;D:\Program Files (x86)\;C:\Users\Administrator.SG-20160911WJVD\AppData\Local\Microsoft\WindowsApps;;D:\Program Files (x86)\Diffuse;C:\Users\Administrator.SG-20160911WJVD\AppData\Roaming\npm;., surefire.test.class.path=E:\cyan\EBusiness\target\test-classes;E:\cyan\EBusiness\target\classes;D:\MvnRepository\junit\junit\4.12\junit-4.12.jar;D:\MvnRepository\org\hamcrest\hamcrest-core\1.3\hamcrest-core-1.3.jar;D:\MvnRepository\log4j\log4j\1.2.12\log4j-1.2.12.jar;D:\MvnRepository\mysql\mysql-connector-java\8.0.15\mysql-connector-java-8.0.15.jar;D:\MvnRepository\com\google\protobuf\protobuf-java\3.6.1\protobuf-java-3.6.1.jar;D:\MvnRepository\com\mchange\c3p0\0.9.5.2\c3p0-0.9.5.2.jar;D:\MvnRepository\com\mchange\mchange-commons-java\0.2.11\mchange-commons-java-0.2.11.jar;D:\MvnRepository\org\mybatis\mybatis\3.5.0\mybatis-3.5.0.jar;D:\MvnRepository\org\mybatis\mybatis-spring\2.0.0\mybatis-spring-2.0.0.jar;D:\MvnRepository\org\springframework\spring-core\5.1.3.RELEASE\spring-core-5.1.3.RELEASE.jar;D:\MvnRepository\org\springframework\spring-jcl\5.1.3.RELEASE\spring-jcl-5.1.3.RELEASE.jar;D:\MvnRepository\org\springframework\spring-beans\5.1.3.RELEASE\spring-beans-5.1.3.RELEASE.jar;D:\MvnRepository\org\springframework\spring-context\5.1.3.RELEASE\spring-context-5.1.3.RELEASE.jar;D:\MvnRepository\org\springframework\spring-aop\5.1.3.RELEASE\spring-aop-5.1.3.RELEASE.jar;D:\MvnRepository\org\springframework\spring-expression\5.1.3.RELEASE\spring-expression-5.1.3.RELEASE.jar;D:\MvnRepository\org\springframework\spring-jdbc\5.1.3.RELEASE\spring-jdbc-5.1.3.RELEASE.jar;D:\MvnRepository\org\springframework\spring-tx\5.1.3.RELEASE\spring-tx-5.1.3.RELEASE.jar;D:\MvnRepository\org\springframework\spring-web\5.1.3.RELEASE\spring-web-5.1.3.RELEASE.jar;D:\MvnRepository\org\springframework\spring-webmvc\5.1.3.RELEASE\spring-webmvc-5.1.3.RELEASE.jar;D:\MvnRepository\org\springframework\spring-test\5.1.3.RELEASE\spring-test-5.1.3.RELEASE.jar;D:\MvnRepository\commons-collections\commons-collections\3.2\commons-collections-3.2.jar;D:\MvnRepository\taglibs\standard\1.1.2\standard-1.1.2.jar;D:\MvnRepository\jstl\jstl\1.2\jstl-1.2.jar;D:\MvnRepository\com\fasterxml\jackson\core\jackson-databind\2.9.8\jackson-databind-2.9.8.jar;D:\MvnRepository\com\fasterxml\jackson\core\jackson-annotations\2.9.0\jackson-annotations-2.9.0.jar;D:\MvnRepository\com\fasterxml\jackson\core\jackson-core\2.9.8\jackson-core-2.9.8.jar;D:\MvnRepository\javax\servlet\javax.servlet-api\3.1.0\javax.servlet-api-3.1.0.jar;, java.specification.name=Java Platform API Specification, java.class.version=52.0, sun.management.compiler=HotSpot 64-Bit Tiered Compilers, maven.repo.local=D:\MvnRepository, os.version=10.0, user.home=C:\Users\Administrator.SG-20160911WJVD, user.timezone=Asia/Shanghai, java.awt.printerjob=sun.awt.windows.WPrinterJob, file.encoding=GBK, java.specification.version=1.8, java.class.path=E:\cyan\EBusiness\target\test-classes;E:\cyan\EBusiness\target\classes;D:\MvnRepository\junit\junit\4.12\junit-4.12.jar;D:\MvnRepository\org\hamcrest\hamcrest-core\1.3\hamcrest-core-1.3.jar;D:\MvnRepository\log4j\log4j\1.2.12\log4j-1.2.12.jar;D:\MvnRepository\mysql\mysql-connector-java\8.0.15\mysql-connector-java-8.0.15.jar;D:\MvnRepository\com\google\protobuf\protobuf-java\3.6.1\protobuf-java-3.6.1.jar;D:\MvnRepository\com\mchange\c3p0\0.9.5.2\c3p0-0.9.5.2.jar;D:\MvnRepository\com\mchange\mchange-commons-java\0.2.11\mchange-commons-java-0.2.11.jar;D:\MvnRepository\org\mybatis\mybatis\3.5.0\mybatis-3.5.0.jar;D:\MvnRepository\org\mybatis\mybatis-spring\2.0.0\mybatis-spring-2.0.0.jar;D:\MvnRepository\org\springframework\spring-core\5.1.3.RELEASE\spring-core-5.1.3.RELEASE.jar;D:\MvnRepository\org\springframework\spring-jcl\5.1.3.RELEASE\spring-jcl-5.1.3.RELEASE.jar;D:\MvnRepository\org\springframework\spring-beans\5.1.3.RELEASE\spring-beans-5.1.3.RELEASE.jar;D:\MvnRepository\org\springframework\spring-context\5.1.3.RELEASE\spring-context-5.1.3.RELEASE.jar;D:\MvnRepository\org\springframework\spring-aop\5.1.3.RELEASE\spring-aop-5.1.3.RELEASE.jar;D:\MvnRepository\org\springframework\spring-expression\5.1.3.RELEASE\spring-expression-5.1.3.RELEASE.jar;D:\MvnRepository\org\springframework\spring-jdbc\5.1.3.RELEASE\spring-jdbc-5.1.3.RELEASE.jar;D:\MvnRepository\org\springframework\spring-tx\5.1.3.RELEASE\spring-tx-5.1.3.RELEASE.jar;D:\MvnRepository\org\springframework\spring-web\5.1.3.RELEASE\spring-web-5.1.3.RELEASE.jar;D:\MvnRepository\org\springframework\spring-webmvc\5.1.3.RELEASE\spring-webmvc-5.1.3.RELEASE.jar;D:\MvnRepository\org\springframework\spring-test\5.1.3.RELEASE\spring-test-5.1.3.RELEASE.jar;D:\MvnRepository\commons-collections\commons-collections\3.2\commons-collections-3.2.jar;D:\MvnRepository\taglibs\standard\1.1.2\standard-1.1.2.jar;D:\MvnRepository\jstl\jstl\1.2\jstl-1.2.jar;D:\MvnRepository\com\fasterxml\jackson\core\jackson-databind\2.9.8\jackson-databind-2.9.8.jar;D:\MvnRepository\com\fasterxml\jackson\core\jackson-annotations\2.9.0\jackson-annotations-2.9.0.jar;D:\MvnRepository\com\fasterxml\jackson\core\jackson-core\2.9.8\jackson-core-2.9.8.jar;D:\MvnRepository\javax\servlet\javax.servlet-api\3.1.0\javax.servlet-api-3.1.0.jar;, user.name=ZLL, java.vm.specification.version=1.8, sun.java.command=C:\Users\ADMINI~1.SG-\AppData\Local\Temp\surefire7262330455710934960\surefirebooter785098290000920371.jar C:\Users\Administrator.SG-20160911WJVD\AppData\Local\Temp\surefire7262330455710934960 2019-04-24T18-23-54_127-jvmRun1 surefire6147267056685956799tmp surefire_0558242456762794197tmp, java.home=D:\Program Files\Java\jdk1.8.0_131\jre, sun.arch.data.model=64, user.language=zh, java.specification.vendor=Oracle Corporation, awt.toolkit=sun.awt.windows.WToolkit, java.vm.info=mixed mode, java.version=1.8.0_131, java.ext.dirs=D:\Program Files\Java\jdk1.8.0_131\jre\lib\ext;C:\WINDOWS\Sun\Java\lib\ext, sun.boot.class.path=D:\Program Files\Java\jdk1.8.0_131\jre\lib\resources.jar;D:\Program Files\Java\jdk1.8.0_131\jre\lib\rt.jar;D:\Program Files\Java\jdk1.8.0_131\jre\lib\sunrsasign.jar;D:\Program Files\Java\jdk1.8.0_131\jre\lib\jsse.jar;D:\Program Files\Java\jdk1.8.0_131\jre\lib\jce.jar;D:\Program Files\Java\jdk1.8.0_131\jre\lib\charsets.jar;D:\Program Files\Java\jdk1.8.0_131\jre\lib\jfr.jar;D:\Program Files\Java\jdk1.8.0_131\jre\classes, java.vendor=Oracle Corporation, localRepository=D:\MvnRepository, file.separator=\, java.vendor.url.bug=http://bugreport.sun.com/bugreport/, sun.io.unicode.encoding=UnicodeLittle, sun.cpu.endian=little, sun.desktop=windows, sun.cpu.isalist=amd64}}, propertiesByPrefixes -> {com={com.mchange.v2.log.jdk14logging.suppressStackWalk=true}, ={idea.version=2017.2.6, java.runtime.name=Java(TM) SE Runtime Environment, sun.boot.library.path=D:\Program Files\Java\jdk1.8.0_131\jre\bin, java.vm.version=25.131-b11, java.vm.vendor=Oracle Corporation, java.vendor.url=http://java.oracle.com/, path.separator=;, java.vm.name=Java HotSpot(TM) 64-Bit Server VM, file.encoding.pkg=sun.io, user.script=, user.country=CN, sun.java.launcher=SUN_STANDARD, sun.os.patch.level=, java.vm.specification.name=Java Virtual Machine Specification, user.dir=E:\cyan\EBusiness, java.runtime.version=1.8.0_131-b11, java.awt.graphicsenv=sun.awt.Win32GraphicsEnvironment, basedir=E:\cyan\EBusiness, java.endorsed.dirs=D:\Program Files\Java\jdk1.8.0_131\jre\lib\endorsed, os.arch=amd64, surefire.real.class.path=C:\Users\ADMINI~1.SG-\AppData\Local\Temp\surefire7262330455710934960\surefirebooter785098290000920371.jar, java.io.tmpdir=C:\Users\ADMINI~1.SG-\AppData\Local\Temp\, line.separator=
, java.vm.specification.vendor=Oracle Corporation, user.variant=, os.name=Windows 10, sun.jnu.encoding=GBK, java.library.path=D:\Program Files\Java\jdk1.8.0_131\jre\bin;C:\WINDOWS\Sun\Java\bin;C:\WINDOWS\system32;C:\WINDOWS;D:\Program Files\Java\jre1.8.0_131\bin;C:\WINDOWS\system32;C:\WINDOWS;C:\WINDOWS\System32\Wbem;C:\WINDOWS\System32\WindowsPowerShell\v1.0\;C:\WINDOWS\system32\config\systemprofile\.dnx\bin;C:\Program Files\Microsoft DNX\Dnvm\;E:\Program Files (x86)\Microsoft SQL Server\100\Tools\Binn\;E:\Program Files\Microsoft SQL Server\100\Tools\Binn\;E:\Program Files\Microsoft SQL Server\100\DTS\Binn\;E:\Program Files (x86)\Microsoft SQL Server\100\Tools\Binn\VSShell\Common7\IDE\;C:\Program Files (x86)\Microsoft Visual Studio 9.0\Common7\IDE\PrivateAssemblies\;E:\Program Files (x86)\Microsoft SQL Server\100\DTS\Binn\;D:\Program Files\bin;C:\Program Files\WIDCOMM\Bluetooth Software\;C:\Program Files\WIDCOMM\Bluetooth Software\syswow64;D:\Program Files\Java\jdk1.8.0_131\bin;D:\Program Files\Java\jdk1.8.0_131\jre\bin;D:\hadoop-2.7.4\bin;D:\hadoop-2.7.4\sbin;D:\apache-tomcat-9.0.2\lib;D:\apache-tomcat-9.0.2\bin;D:\Program Files\mysql-5.7.20-winx64\bin;D:\Program Files\mysql-5.7.20-winx64\bin;"D:\Program Files\Java\jdk1.8.0_131\bin;D:\Program Files\Java\jdk1.8.0_131\jre\bin";D:\Program Files\Java\jdk1.8.0_131\bin;D:\VisualSVN Server\bin;E:\Study\apache-maven-3.5.4\bin;D:\Program Files\Git\cmd;D:\Program Files\TortoiseGit\bin;E:\eclipse for j2ee\gradle-4.10.2\bin;D:\Program Files\Java\jdk1.8.0_131\bin;D:\Program Files\nodejs\;D:\Program Files (x86)\Scripts\;D:\Program Files (x86)\;C:\Users\Administrator.SG-20160911WJVD\AppData\Local\Microsoft\WindowsApps;;D:\Program Files (x86)\Diffuse;C:\Users\Administrator.SG-20160911WJVD\AppData\Roaming\npm;., surefire.test.class.path=E:\cyan\EBusiness\target\test-classes;E:\cyan\EBusiness\target\classes;D:\MvnRepository\junit\junit\4.12\junit-4.12.jar;D:\MvnRepository\org\hamcrest\hamcrest-core\1.3\hamcrest-core-1.3.jar;D:\MvnRepository\log4j\log4j\1.2.12\log4j-1.2.12.jar;D:\MvnRepository\mysql\mysql-connector-java\8.0.15\mysql-connector-java-8.0.15.jar;D:\MvnRepository\com\google\protobuf\protobuf-java\3.6.1\protobuf-java-3.6.1.jar;D:\MvnRepository\com\mchange\c3p0\0.9.5.2\c3p0-0.9.5.2.jar;D:\MvnRepository\com\mchange\mchange-commons-java\0.2.11\mchange-commons-java-0.2.11.jar;D:\MvnRepository\org\mybatis\mybatis\3.5.0\mybatis-3.5.0.jar;D:\MvnRepository\org\mybatis\mybatis-spring\2.0.0\mybatis-spring-2.0.0.jar;D:\MvnRepository\org\springframework\spring-core\5.1.3.RELEASE\spring-core-5.1.3.RELEASE.jar;D:\MvnRepository\org\springframework\spring-jcl\5.1.3.RELEASE\spring-jcl-5.1.3.RELEASE.jar;D:\MvnRepository\org\springframework\spring-beans\5.1.3.RELEASE\spring-beans-5.1.3.RELEASE.jar;D:\MvnRepository\org\springframework\spring-context\5.1.3.RELEASE\spring-context-5.1.3.RELEASE.jar;D:\MvnRepository\org\springframework\spring-aop\5.1.3.RELEASE\spring-aop-5.1.3.RELEASE.jar;D:\MvnRepository\org\springframework\spring-expression\5.1.3.RELEASE\spring-expression-5.1.3.RELEASE.jar;D:\MvnRepository\org\springframework\spring-jdbc\5.1.3.RELEASE\spring-jdbc-5.1.3.RELEASE.jar;D:\MvnRepository\org\springframework\spring-tx\5.1.3.RELEASE\spring-tx-5.1.3.RELEASE.jar;D:\MvnRepository\org\springframework\spring-web\5.1.3.RELEASE\spring-web-5.1.3.RELEASE.jar;D:\MvnRepository\org\springframework\spring-webmvc\5.1.3.RELEASE\spring-webmvc-5.1.3.RELEASE.jar;D:\MvnRepository\org\springframework\spring-test\5.1.3.RELEASE\spring-test-5.1.3.RELEASE.jar;D:\MvnRepository\commons-collections\commons-collections\3.2\commons-collections-3.2.jar;D:\MvnRepository\taglibs\standard\1.1.2\standard-1.1.2.jar;D:\MvnRepository\jstl\jstl\1.2\jstl-1.2.jar;D:\MvnRepository\com\fasterxml\jackson\core\jackson-databind\2.9.8\jackson-databind-2.9.8.jar;D:\MvnRepository\com\fasterxml\jackson\core\jackson-annotations\2.9.0\jackson-annotations-2.9.0.jar;D:\MvnRepository\com\fasterxml\jackson\core\jackson-core\2.9.8\jackson-core-2.9.8.jar;D:\MvnRepository\javax\servlet\javax.servlet-api\3.1.0\javax.servlet-api-3.1.0.jar;, java.specification.name=Java Platform API Specification, java.class.version=52.0, sun.management.compiler=HotSpot 64-Bit Tiered Compilers, maven.repo.local=D:\MvnRepository, os.version=10.0, user.home=C:\Users\Administrator.SG-20160911WJVD, user.timezone=Asia/Shanghai, java.awt.printerjob=sun.awt.windows.WPrinterJob, java.specification.version=1.8, file.encoding=GBK, user.name=ZLL, java.class.path=E:\cyan\EBusiness\target\test-classes;E:\cyan\EBusiness\target\classes;D:\MvnRepository\junit\junit\4.12\junit-4.12.jar;D:\MvnRepository\org\hamcrest\hamcrest-core\1.3\hamcrest-core-1.3.jar;D:\MvnRepository\log4j\log4j\1.2.12\log4j-1.2.12.jar;D:\MvnRepository\mysql\mysql-connector-java\8.0.15\mysql-connector-java-8.0.15.jar;D:\MvnRepository\com\google\protobuf\protobuf-java\3.6.1\protobuf-java-3.6.1.jar;D:\MvnRepository\com\mchange\c3p0\0.9.5.2\c3p0-0.9.5.2.jar;D:\MvnRepository\com\mchange\mchange-commons-java\0.2.11\mchange-commons-java-0.2.11.jar;D:\MvnRepository\org\mybatis\mybatis\3.5.0\mybatis-3.5.0.jar;D:\MvnRepository\org\mybatis\mybatis-spring\2.0.0\mybatis-spring-2.0.0.jar;D:\MvnRepository\org\springframework\spring-core\5.1.3.RELEASE\spring-core-5.1.3.RELEASE.jar;D:\MvnRepository\org\springframework\spring-jcl\5.1.3.RELEASE\spring-jcl-5.1.3.RELEASE.jar;D:\MvnRepository\org\springframework\spring-beans\5.1.3.RELEASE\spring-beans-5.1.3.RELEASE.jar;D:\MvnRepository\org\springframework\spring-context\5.1.3.RELEASE\spring-context-5.1.3.RELEASE.jar;D:\MvnRepository\org\springframework\spring-aop\5.1.3.RELEASE\spring-aop-5.1.3.RELEASE.jar;D:\MvnRepository\org\springframework\spring-expression\5.1.3.RELEASE\spring-expression-5.1.3.RELEASE.jar;D:\MvnRepository\org\springframework\spring-jdbc\5.1.3.RELEASE\spring-jdbc-5.1.3.RELEASE.jar;D:\MvnRepository\org\springframework\spring-tx\5.1.3.RELEASE\spring-tx-5.1.3.RELEASE.jar;D:\MvnRepository\org\springframework\spring-web\5.1.3.RELEASE\spring-web-5.1.3.RELEASE.jar;D:\MvnRepository\org\springframework\spring-webmvc\5.1.3.RELEASE\spring-webmvc-5.1.3.RELEASE.jar;D:\MvnRepository\org\springframework\spring-test\5.1.3.RELEASE\spring-test-5.1.3.RELEASE.jar;D:\MvnRepository\commons-collections\commons-collections\3.2\commons-collections-3.2.jar;D:\MvnRepository\taglibs\standard\1.1.2\standard-1.1.2.jar;D:\MvnRepository\jstl\jstl\1.2\jstl-1.2.jar;D:\MvnRepository\com\fasterxml\jackson\core\jackson-databind\2.9.8\jackson-databind-2.9.8.jar;D:\MvnRepository\com\fasterxml\jackson\core\jackson-annotations\2.9.0\jackson-annotations-2.9.0.jar;D:\MvnRepository\com\fasterxml\jackson\core\jackson-core\2.9.8\jackson-core-2.9.8.jar;D:\MvnRepository\javax\servlet\javax.servlet-api\3.1.0\javax.servlet-api-3.1.0.jar;, java.vm.specification.version=1.8, sun.arch.data.model=64, java.home=D:\Program Files\Java\jdk1.8.0_131\jre, sun.java.command=C:\Users\ADMINI~1.SG-\AppData\Local\Temp\surefire7262330455710934960\surefirebooter785098290000920371.jar C:\Users\Administrator.SG-20160911WJVD\AppData\Local\Temp\surefire7262330455710934960 2019-04-24T18-23-54_127-jvmRun1 surefire6147267056685956799tmp surefire_0558242456762794197tmp, java.specification.vendor=Oracle Corporation, user.language=zh, awt.toolkit=sun.awt.windows.WToolkit, java.vm.info=mixed mode, java.version=1.8.0_131, java.ext.dirs=D:\Program Files\Java\jdk1.8.0_131\jre\lib\ext;C:\WINDOWS\Sun\Java\lib\ext, sun.boot.class.path=D:\Program Files\Java\jdk1.8.0_131\jre\lib\resources.jar;D:\Program Files\Java\jdk1.8.0_131\jre\lib\rt.jar;D:\Program Files\Java\jdk1.8.0_131\jre\lib\sunrsasign.jar;D:\Program Files\Java\jdk1.8.0_131\jre\lib\jsse.jar;D:\Program Files\Java\jdk1.8.0_131\jre\lib\jce.jar;D:\Program Files\Java\jdk1.8.0_131\jre\lib\charsets.jar;D:\Program Files\Java\jdk1.8.0_131\jre\lib\jfr.jar;D:\Program Files\Java\jdk1.8.0_131\jre\classes, java.vendor=Oracle Corporation, localRepository=D:\MvnRepository, file.separator=\, java.vendor.url.bug=http://bugreport.sun.com/bugreport/, sun.cpu.endian=little, sun.io.unicode.encoding=UnicodeLittle, com.mchange.v2.log.jdk14logging.suppressStackWalk=true, sun.desktop=windows, sun.cpu.isalist=amd64}, sun.management={sun.management.compiler=HotSpot 64-Bit Tiered Compilers}, java.vm={java.vm.version=25.131-b11, java.vm.specification.vendor=Oracle Corporation, java.vm.specification.name=Java Virtual Machine Specification, java.vm.name=Java HotSpot(TM) 64-Bit Server VM, java.vm.specification.version=1.8, java.vm.vendor=Oracle Corporation, java.vm.info=mixed mode}, idea={idea.version=2017.2.6}, line={line.separator=
}, sun.boot.class={sun.boot.class.path=D:\Program Files\Java\jdk1.8.0_131\jre\lib\resources.jar;D:\Program Files\Java\jdk1.8.0_131\jre\lib\rt.jar;D:\Program Files\Java\jdk1.8.0_131\jre\lib\sunrsasign.jar;D:\Program Files\Java\jdk1.8.0_131\jre\lib\jsse.jar;D:\Program Files\Java\jdk1.8.0_131\jre\lib\jce.jar;D:\Program Files\Java\jdk1.8.0_131\jre\lib\charsets.jar;D:\Program Files\Java\jdk1.8.0_131\jre\lib\jfr.jar;D:\Program Files\Java\jdk1.8.0_131\jre\classes}, sun.java={sun.java.launcher=SUN_STANDARD, sun.java.command=C:\Users\ADMINI~1.SG-\AppData\Local\Temp\surefire7262330455710934960\surefirebooter785098290000920371.jar C:\Users\Administrator.SG-20160911WJVD\AppData\Local\Temp\surefire7262330455710934960 2019-04-24T18-23-54_127-jvmRun1 surefire6147267056685956799tmp surefire_0558242456762794197tmp}, sun={sun.arch.data.model=64, sun.java.launcher=SUN_STANDARD, sun.desktop=windows, sun.java.command=C:\Users\ADMINI~1.SG-\AppData\Local\Temp\surefire7262330455710934960\surefirebooter785098290000920371.jar C:\Users\Administrator.SG-20160911WJVD\AppData\Local\Temp\surefire7262330455710934960 2019-04-24T18-23-54_127-jvmRun1 surefire6147267056685956799tmp surefire_0558242456762794197tmp, sun.os.patch.level=, sun.management.compiler=HotSpot 64-Bit Tiered Compilers, sun.boot.class.path=D:\Program Files\Java\jdk1.8.0_131\jre\lib\resources.jar;D:\Program Files\Java\jdk1.8.0_131\jre\lib\rt.jar;D:\Program Files\Java\jdk1.8.0_131\jre\lib\sunrsasign.jar;D:\Program Files\Java\jdk1.8.0_131\jre\lib\jsse.jar;D:\Program Files\Java\jdk1.8.0_131\jre\lib\jce.jar;D:\Program Files\Java\jdk1.8.0_131\jre\lib\charsets.jar;D:\Program Files\Java\jdk1.8.0_131\jre\lib\jfr.jar;D:\Program Files\Java\jdk1.8.0_131\jre\classes, sun.jnu.encoding=GBK, sun.cpu.isalist=amd64, sun.boot.library.path=D:\Program Files\Java\jdk1.8.0_131\jre\bin, sun.cpu.endian=little, sun.io.unicode.encoding=UnicodeLittle}, surefire.test={surefire.test.class.path=E:\cyan\EBusiness\target\test-classes;E:\cyan\EBusiness\target\classes;D:\MvnRepository\junit\junit\4.12\junit-4.12.jar;D:\MvnRepository\org\hamcrest\hamcrest-core\1.3\hamcrest-core-1.3.jar;D:\MvnRepository\log4j\log4j\1.2.12\log4j-1.2.12.jar;D:\MvnRepository\mysql\mysql-connector-java\8.0.15\mysql-connector-java-8.0.15.jar;D:\MvnRepository\com\google\protobuf\protobuf-java\3.6.1\protobuf-java-3.6.1.jar;D:\MvnRepository\com\mchange\c3p0\0.9.5.2\c3p0-0.9.5.2.jar;D:\MvnRepository\com\mchange\mchange-commons-java\0.2.11\mchange-commons-java-0.2.11.jar;D:\MvnRepository\org\mybatis\mybatis\3.5.0\mybatis-3.5.0.jar;D:\MvnRepository\org\mybatis\mybatis-spring\2.0.0\mybatis-spring-2.0.0.jar;D:\MvnRepository\org\springframework\spring-core\5.1.3.RELEASE\spring-core-5.1.3.RELEASE.jar;D:\MvnRepository\org\springframework\spring-jcl\5.1.3.RELEASE\spring-jcl-5.1.3.RELEASE.jar;D:\MvnRepository\org\springframework\spring-beans\5.1.3.RELEASE\spring-beans-5.1.3.RELEASE.jar;D:\MvnRepository\org\springframework\spring-context\5.1.3.RELEASE\spring-context-5.1.3.RELEASE.jar;D:\MvnRepository\org\springframework\spring-aop\5.1.3.RELEASE\spring-aop-5.1.3.RELEASE.jar;D:\MvnRepository\org\springframework\spring-expression\5.1.3.RELEASE\spring-expression-5.1.3.RELEASE.jar;D:\MvnRepository\org\springframework\spring-jdbc\5.1.3.RELEASE\spring-jdbc-5.1.3.RELEASE.jar;D:\MvnRepository\org\springframework\spring-tx\5.1.3.RELEASE\spring-tx-5.1.3.RELEASE.jar;D:\MvnRepository\org\springframework\spring-web\5.1.3.RELEASE\spring-web-5.1.3.RELEASE.jar;D:\MvnRepository\org\springframework\spring-webmvc\5.1.3.RELEASE\spring-webmvc-5.1.3.RELEASE.jar;D:\MvnRepository\org\springframework\spring-test\5.1.3.RELEASE\spring-test-5.1.3.RELEASE.jar;D:\MvnRepository\commons-collections\commons-collections\3.2\commons-collections-3.2.jar;D:\MvnRepository\taglibs\standard\1.1.2\standard-1.1.2.jar;D:\MvnRepository\jstl\jstl\1.2\jstl-1.2.jar;D:\MvnRepository\com\fasterxml\jackson\core\jackson-databind\2.9.8\jackson-databind-2.9.8.jar;D:\MvnRepository\com\fasterxml\jackson\core\jackson-annotations\2.9.0\jackson-annotations-2.9.0.jar;D:\MvnRepository\com\fasterxml\jackson\core\jackson-core\2.9.8\jackson-core-2.9.8.jar;D:\MvnRepository\javax\servlet\javax.servlet-api\3.1.0\javax.servlet-api-3.1.0.jar;}, sun.arch.data={sun.arch.data.model=64}, path={path.separator=;}, java={java.class.path=E:\cyan\EBusiness\target\test-classes;E:\cyan\EBusiness\target\classes;D:\MvnRepository\junit\junit\4.12\junit-4.12.jar;D:\MvnRepository\org\hamcrest\hamcrest-core\1.3\hamcrest-core-1.3.jar;D:\MvnRepository\log4j\log4j\1.2.12\log4j-1.2.12.jar;D:\MvnRepository\mysql\mysql-connector-java\8.0.15\mysql-connector-java-8.0.15.jar;D:\MvnRepository\com\google\protobuf\protobuf-java\3.6.1\protobuf-java-3.6.1.jar;D:\MvnRepository\com\mchange\c3p0\0.9.5.2\c3p0-0.9.5.2.jar;D:\MvnRepository\com\mchange\mchange-commons-java\0.2.11\mchange-commons-java-0.2.11.jar;D:\MvnRepository\org\mybatis\mybatis\3.5.0\mybatis-3.5.0.jar;D:\MvnRepository\org\mybatis\mybatis-spring\2.0.0\mybatis-spring-2.0.0.jar;D:\MvnRepository\org\springframework\spring-core\5.1.3.RELEASE\spring-core-5.1.3.RELEASE.jar;D:\MvnRepository\org\springframework\spring-jcl\5.1.3.RELEASE\spring-jcl-5.1.3.RELEASE.jar;D:\MvnRepository\org\springframework\spring-beans\5.1.3.RELEASE\spring-beans-5.1.3.RELEASE.jar;D:\MvnRepository\org\springframework\spring-context\5.1.3.RELEASE\spring-context-5.1.3.RELEASE.jar;D:\MvnRepository\org\springframework\spring-aop\5.1.3.RELEASE\spring-aop-5.1.3.RELEASE.jar;D:\MvnRepository\org\springframework\spring-expression\5.1.3.RELEASE\spring-expression-5.1.3.RELEASE.jar;D:\MvnRepository\org\springframework\spring-jdbc\5.1.3.RELEASE\spring-jdbc-5.1.3.RELEASE.jar;D:\MvnRepository\org\springframework\spring-tx\5.1.3.RELEASE\spring-tx-5.1.3.RELEASE.jar;D:\MvnRepository\org\springframework\spring-web\5.1.3.RELEASE\spring-web-5.1.3.RELEASE.jar;D:\MvnRepository\org\springframework\spring-webmvc\5.1.3.RELEASE\spring-webmvc-5.1.3.RELEASE.jar;D:\MvnRepository\org\springframework\spring-test\5.1.3.RELEASE\spring-test-5.1.3.RELEASE.jar;D:\MvnRepository\commons-collections\commons-collections\3.2\commons-collections-3.2.jar;D:\MvnRepository\taglibs\standard\1.1.2\standard-1.1.2.jar;D:\MvnRepository\jstl\jstl\1.2\jstl-1.2.jar;D:\MvnRepository\com\fasterxml\jackson\core\jackson-databind\2.9.8\jackson-databind-2.9.8.jar;D:\MvnRepository\com\fasterxml\jackson\core\jackson-annotations\2.9.0\jackson-annotations-2.9.0.jar;D:\MvnRepository\com\fasterxml\jackson\core\jackson-core\2.9.8\jackson-core-2.9.8.jar;D:\MvnRepository\javax\servlet\javax.servlet-api\3.1.0\javax.servlet-api-3.1.0.jar;, java.ext.dirs=D:\Program Files\Java\jdk1.8.0_131\jre\lib\ext;C:\WINDOWS\Sun\Java\lib\ext, java.runtime.name=Java(TM) SE Runtime Environment, java.runtime.version=1.8.0_131-b11, java.vendor=Oracle Corporation, java.specification.version=1.8, java.class.version=52.0, java.specification.name=Java Platform API Specification, java.vendor.url=http://java.oracle.com/, java.awt.printerjob=sun.awt.windows.WPrinterJob, java.vm.version=25.131-b11, java.home=D:\Program Files\Java\jdk1.8.0_131\jre, java.endorsed.dirs=D:\Program Files\Java\jdk1.8.0_131\jre\lib\endorsed, java.version=1.8.0_131, java.vm.specification.version=1.8, java.awt.graphicsenv=sun.awt.Win32GraphicsEnvironment, java.vendor.url.bug=http://bugreport.sun.com/bugreport/, java.specification.vendor=Oracle Corporation, java.vm.specification.name=Java Virtual Machine Specification, java.vm.vendor=Oracle Corporation, java.vm.info=mixed mode, java.library.path=D:\Program Files\Java\jdk1.8.0_131\jre\bin;C:\WINDOWS\Sun\Java\bin;C:\WINDOWS\system32;C:\WINDOWS;D:\Program Files\Java\jre1.8.0_131\bin;C:\WINDOWS\system32;C:\WINDOWS;C:\WINDOWS\System32\Wbem;C:\WINDOWS\System32\WindowsPowerShell\v1.0\;C:\WINDOWS\system32\config\systemprofile\.dnx\bin;C:\Program Files\Microsoft DNX\Dnvm\;E:\Program Files (x86)\Microsoft SQL Server\100\Tools\Binn\;E:\Program Files\Microsoft SQL Server\100\Tools\Binn\;E:\Program Files\Microsoft SQL Server\100\DTS\Binn\;E:\Program Files (x86)\Microsoft SQL Server\100\Tools\Binn\VSShell\Common7\IDE\;C:\Program Files (x86)\Microsoft Visual Studio 9.0\Common7\IDE\PrivateAssemblies\;E:\Program Files (x86)\Microsoft SQL Server\100\DTS\Binn\;D:\Program Files\bin;C:\Program Files\WIDCOMM\Bluetooth Software\;C:\Program Files\WIDCOMM\Bluetooth Software\syswow64;D:\Program Files\Java\jdk1.8.0_131\bin;D:\Program Files\Java\jdk1.8.0_131\jre\bin;D:\hadoop-2.7.4\bin;D:\hadoop-2.7.4\sbin;D:\apache-tomcat-9.0.2\lib;D:\apache-tomcat-9.0.2\bin;D:\Program Files\mysql-5.7.20-winx64\bin;D:\Program Files\mysql-5.7.20-winx64\bin;"D:\Program Files\Java\jdk1.8.0_131\bin;D:\Program Files\Java\jdk1.8.0_131\jre\bin";D:\Program Files\Java\jdk1.8.0_131\bin;D:\VisualSVN Server\bin;E:\Study\apache-maven-3.5.4\bin;D:\Program Files\Git\cmd;D:\Program Files\TortoiseGit\bin;E:\eclipse for j2ee\gradle-4.10.2\bin;D:\Program Files\Java\jdk1.8.0_131\bin;D:\Program Files\nodejs\;D:\Program Files (x86)\Scripts\;D:\Program Files (x86)\;C:\Users\Administrator.SG-20160911WJVD\AppData\Local\Microsoft\WindowsApps;;D:\Program Files (x86)\Diffuse;C:\Users\Administrator.SG-20160911WJVD\AppData\Roaming\npm;., java.vm.specification.vendor=Oracle Corporation, java.vm.name=Java HotSpot(TM) 64-Bit Server VM, java.io.tmpdir=C:\Users\ADMINI~1.SG-\AppData\Local\Temp\}, file={file.separator=\, file.encoding.pkg=sun.io, file.encoding=GBK}, file.encoding={file.encoding.pkg=sun.io}, java.vendor.url={java.vendor.url.bug=http://bugreport.sun.com/bugreport/}, com.mchange.v2.log={com.mchange.v2.log.jdk14logging.suppressStackWalk=true}, java.ext={java.ext.dirs=D:\Program Files\Java\jdk1.8.0_131\jre\lib\ext;C:\WINDOWS\Sun\Java\lib\ext}, sun.boot={sun.boot.library.path=D:\Program Files\Java\jdk1.8.0_131\jre\bin, sun.boot.class.path=D:\Program Files\Java\jdk1.8.0_131\jre\lib\resources.jar;D:\Program Files\Java\jdk1.8.0_131\jre\lib\rt.jar;D:\Program Files\Java\jdk1.8.0_131\jre\lib\sunrsasign.jar;D:\Program Files\Java\jdk1.8.0_131\jre\lib\jsse.jar;D:\Program Files\Java\jdk1.8.0_131\jre\lib\jce.jar;D:\Program Files\Java\jdk1.8.0_131\jre\lib\charsets.jar;D:\Program Files\Java\jdk1.8.0_131\jre\lib\jfr.jar;D:\Program Files\Java\jdk1.8.0_131\jre\classes}, java.specification={java.specification.version=1.8, java.specification.vendor=Oracle Corporation, java.specification.name=Java Platform API Specification}, sun.io.unicode={sun.io.unicode.encoding=UnicodeLittle}, os={os.version=10.0, os.name=Windows 10, os.arch=amd64}, sun.os={sun.os.patch.level=}, maven={maven.repo.local=D:\MvnRepository}, surefire.test.class={surefire.test.class.path=E:\cyan\EBusiness\target\test-classes;E:\cyan\EBusiness\target\classes;D:\MvnRepository\junit\junit\4.12\junit-4.12.jar;D:\MvnRepository\org\hamcrest\hamcrest-core\1.3\hamcrest-core-1.3.jar;D:\MvnRepository\log4j\log4j\1.2.12\log4j-1.2.12.jar;D:\MvnRepository\mysql\mysql-connector-java\8.0.15\mysql-connector-java-8.0.15.jar;D:\MvnRepository\com\google\protobuf\protobuf-java\3.6.1\protobuf-java-3.6.1.jar;D:\MvnRepository\com\mchange\c3p0\0.9.5.2\c3p0-0.9.5.2.jar;D:\MvnRepository\com\mchange\mchange-commons-java\0.2.11\mchange-commons-java-0.2.11.jar;D:\MvnRepository\org\mybatis\mybatis\3.5.0\mybatis-3.5.0.jar;D:\MvnRepository\org\mybatis\mybatis-spring\2.0.0\mybatis-spring-2.0.0.jar;D:\MvnRepository\org\springframework\spring-core\5.1.3.RELEASE\spring-core-5.1.3.RELEASE.jar;D:\MvnRepository\org\springframework\spring-jcl\5.1.3.RELEASE\spring-jcl-5.1.3.RELEASE.jar;D:\MvnRepository\org\springframework\spring-beans\5.1.3.RELEASE\spring-beans-5.1.3.RELEASE.jar;D:\MvnRepository\org\springframework\spring-context\5.1.3.RELEASE\spring-context-5.1.3.RELEASE.jar;D:\MvnRepository\org\springframework\spring-aop\5.1.3.RELEASE\spring-aop-5.1.3.RELEASE.jar;D:\MvnRepository\org\springframework\spring-expression\5.1.3.RELEASE\spring-expression-5.1.3.RELEASE.jar;D:\MvnRepository\org\springframework\spring-jdbc\5.1.3.RELEASE\spring-jdbc-5.1.3.RELEASE.jar;D:\MvnRepository\org\springframework\spring-tx\5.1.3.RELEASE\spring-tx-5.1.3.RELEASE.jar;D:\MvnRepository\org\springframework\spring-web\5.1.3.RELEASE\spring-web-5.1.3.RELEASE.jar;D:\MvnRepository\org\springframework\spring-webmvc\5.1.3.RELEASE\spring-webmvc-5.1.3.RELEASE.jar;D:\MvnRepository\org\springframework\spring-test\5.1.3.RELEASE\spring-test-5.1.3.RELEASE.jar;D:\MvnRepository\commons-collections\commons-collections\3.2\commons-collections-3.2.jar;D:\MvnRepository\taglibs\standard\1.1.2\standard-1.1.2.jar;D:\MvnRepository\jstl\jstl\1.2\jstl-1.2.jar;D:\MvnRepository\com\fasterxml\jackson\core\jackson-databind\2.9.8\jackson-databind-2.9.8.jar;D:\MvnRepository\com\fasterxml\jackson\core\jackson-annotations\2.9.0\jackson-annotations-2.9.0.jar;D:\MvnRepository\com\fasterxml\jackson\core\jackson-core\2.9.8\jackson-core-2.9.8.jar;D:\MvnRepository\javax\servlet\javax.servlet-api\3.1.0\javax.servlet-api-3.1.0.jar;}, com.mchange.v2={com.mchange.v2.log.jdk14logging.suppressStackWalk=true}, sun.boot.library={sun.boot.library.path=D:\Program Files\Java\jdk1.8.0_131\jre\bin}, sun.io={sun.io.unicode.encoding=UnicodeLittle}, java.runtime={java.runtime.version=1.8.0_131-b11, java.runtime.name=Java(TM) SE Runtime Environment}, surefire={surefire.real.class.path=C:\Users\ADMINI~1.SG-\AppData\Local\Temp\surefire7262330455710934960\surefirebooter785098290000920371.jar, surefire.test.class.path=E:\cyan\EBusiness\target\test-classes;E:\cyan\EBusiness\target\classes;D:\MvnRepository\junit\junit\4.12\junit-4.12.jar;D:\MvnRepository\org\hamcrest\hamcrest-core\1.3\hamcrest-core-1.3.jar;D:\MvnRepository\log4j\log4j\1.2.12\log4j-1.2.12.jar;D:\MvnRepository\mysql\mysql-connector-java\8.0.15\mysql-connector-java-8.0.15.jar;D:\MvnRepository\com\google\protobuf\protobuf-java\3.6.1\protobuf-java-3.6.1.jar;D:\MvnRepository\com\mchange\c3p0\0.9.5.2\c3p0-0.9.5.2.jar;D:\MvnRepository\com\mchange\mchange-commons-java\0.2.11\mchange-commons-java-0.2.11.jar;D:\MvnRepository\org\mybatis\mybatis\3.5.0\mybatis-3.5.0.jar;D:\MvnRepository\org\mybatis\mybatis-spring\2.0.0\mybatis-spring-2.0.0.jar;D:\MvnRepository\org\springframework\spring-core\5.1.3.RELEASE\spring-core-5.1.3.RELEASE.jar;D:\MvnRepository\org\springframework\spring-jcl\5.1.3.RELEASE\spring-jcl-5.1.3.RELEASE.jar;D:\MvnRepository\org\springframework\spring-beans\5.1.3.RELEASE\spring-beans-5.1.3.RELEASE.jar;D:\MvnRepository\org\springframework\spring-context\5.1.3.RELEASE\spring-context-5.1.3.RELEASE.jar;D:\MvnRepository\org\springframework\spring-aop\5.1.3.RELEASE\spring-aop-5.1.3.RELEASE.jar;D:\MvnRepository\org\springframework\spring-expression\5.1.3.RELEASE\spring-expression-5.1.3.RELEASE.jar;D:\MvnRepository\org\springframework\spring-jdbc\5.1.3.RELEASE\spring-jdbc-5.1.3.RELEASE.jar;D:\MvnRepository\org\springframework\spring-tx\5.1.3.RELEASE\spring-tx-5.1.3.RELEASE.jar;D:\MvnRepository\org\springframework\spring-web\5.1.3.RELEASE\spring-web-5.1.3.RELEASE.jar;D:\MvnRepository\org\springframework\spring-webmvc\5.1.3.RELEASE\spring-webmvc-5.1.3.RELEASE.jar;D:\MvnRepository\org\springframework\spring-test\5.1.3.RELEASE\spring-test-5.1.3.RELEASE.jar;D:\MvnRepository\commons-collections\commons-collections\3.2\commons-collections-3.2.jar;D:\MvnRepository\taglibs\standard\1.1.2\standard-1.1.2.jar;D:\MvnRepository\jstl\jstl\1.2\jstl-1.2.jar;D:\MvnRepository\com\fasterxml\jackson\core\jackson-databind\2.9.8\jackson-databind-2.9.8.jar;D:\MvnRepository\com\fasterxml\jackson\core\jackson-annotations\2.9.0\jackson-annotations-2.9.0.jar;D:\MvnRepository\com\fasterxml\jackson\core\jackson-core\2.9.8\jackson-core-2.9.8.jar;D:\MvnRepository\javax\servlet\javax.servlet-api\3.1.0\javax.servlet-api-3.1.0.jar;}, java.class={java.class.path=E:\cyan\EBusiness\target\test-classes;E:\cyan\EBusiness\target\classes;D:\MvnRepository\junit\junit\4.12\junit-4.12.jar;D:\MvnRepository\org\hamcrest\hamcrest-core\1.3\hamcrest-core-1.3.jar;D:\MvnRepository\log4j\log4j\1.2.12\log4j-1.2.12.jar;D:\MvnRepository\mysql\mysql-connector-java\8.0.15\mysql-connector-java-8.0.15.jar;D:\MvnRepository\com\google\protobuf\protobuf-java\3.6.1\protobuf-java-3.6.1.jar;D:\MvnRepository\com\mchange\c3p0\0.9.5.2\c3p0-0.9.5.2.jar;D:\MvnRepository\com\mchange\mchange-commons-java\0.2.11\mchange-commons-java-0.2.11.jar;D:\MvnRepository\org\mybatis\mybatis\3.5.0\mybatis-3.5.0.jar;D:\MvnRepository\org\mybatis\mybatis-spring\2.0.0\mybatis-spring-2.0.0.jar;D:\MvnRepository\org\springframework\spring-core\5.1.3.RELEASE\spring-core-5.1.3.RELEASE.jar;D:\MvnRepository\org\springframework\spring-jcl\5.1.3.RELEASE\spring-jcl-5.1.3.RELEASE.jar;D:\MvnRepository\org\springframework\spring-beans\5.1.3.RELEASE\spring-beans-5.1.3.RELEASE.jar;D:\MvnRepository\org\springframework\spring-context\5.1.3.RELEASE\spring-context-5.1.3.RELEASE.jar;D:\MvnRepository\org\springframework\spring-aop\5.1.3.RELEASE\spring-aop-5.1.3.RELEASE.jar;D:\MvnRepository\org\springframework\spring-expression\5.1.3.RELEASE\spring-expression-5.1.3.RELEASE.jar;D:\MvnRepository\org\springframework\spring-jdbc\5.1.3.RELEASE\spring-jdbc-5.1.3.RELEASE.jar;D:\MvnRepository\org\springframework\spring-tx\5.1.3.RELEASE\spring-tx-5.1.3.RELEASE.jar;D:\MvnRepository\org\springframework\spring-web\5.1.3.RELEASE\spring-web-5.1.3.RELEASE.jar;D:\MvnRepository\org\springframework\spring-webmvc\5.1.3.RELEASE\spring-webmvc-5.1.3.RELEASE.jar;D:\MvnRepository\org\springframework\spring-test\5.1.3.RELEASE\spring-test-5.1.3.RELEASE.jar;D:\MvnRepository\commons-collections\commons-collections\3.2\commons-collections-3.2.jar;D:\MvnRepository\taglibs\standard\1.1.2\standard-1.1.2.jar;D:\MvnRepository\jstl\jstl\1.2\jstl-1.2.jar;D:\MvnRepository\com\fasterxml\jackson\core\jackson-databind\2.9.8\jackson-databind-2.9.8.jar;D:\MvnRepository\com\fasterxml\jackson\core\jackson-annotations\2.9.0\jackson-annotations-2.9.0.jar;D:\MvnRepository\com\fasterxml\jackson\core\jackson-core\2.9.8\jackson-core-2.9.8.jar;D:\MvnRepository\javax\servlet\javax.servlet-api\3.1.0\javax.servlet-api-3.1.0.jar;, java.class.version=52.0}, com.mchange={com.mchange.v2.log.jdk14logging.suppressStackWalk=true}, java.awt={java.awt.printerjob=sun.awt.windows.WPrinterJob, java.awt.graphicsenv=sun.awt.Win32GraphicsEnvironment}, maven.repo={maven.repo.local=D:\MvnRepository}, java.vm.specification={java.vm.specification.vendor=Oracle Corporation, java.vm.specification.name=Java Virtual Machine Specification, java.vm.specification.version=1.8}, sun.os.patch={sun.os.patch.level=}, java.library={java.library.path=D:\Program Files\Java\jdk1.8.0_131\jre\bin;C:\WINDOWS\Sun\Java\bin;C:\WINDOWS\system32;C:\WINDOWS;D:\Program Files\Java\jre1.8.0_131\bin;C:\WINDOWS\system32;C:\WINDOWS;C:\WINDOWS\System32\Wbem;C:\WINDOWS\System32\WindowsPowerShell\v1.0\;C:\WINDOWS\system32\config\systemprofile\.dnx\bin;C:\Program Files\Microsoft DNX\Dnvm\;E:\Program Files (x86)\Microsoft SQL Server\100\Tools\Binn\;E:\Program Files\Microsoft SQL Server\100\Tools\Binn\;E:\Program Files\Microsoft SQL Server\100\DTS\Binn\;E:\Program Files (x86)\Microsoft SQL Server\100\Tools\Binn\VSShell\Common7\IDE\;C:\Program Files (x86)\Microsoft Visual Studio 9.0\Common7\IDE\PrivateAssemblies\;E:\Program Files (x86)\Microsoft SQL Server\100\DTS\Binn\;D:\Program Files\bin;C:\Program Files\WIDCOMM\Bluetooth Software\;C:\Program Files\WIDCOMM\Bluetooth Software\syswow64;D:\Program Files\Java\jdk1.8.0_131\bin;D:\Program Files\Java\jdk1.8.0_131\jre\bin;D:\hadoop-2.7.4\bin;D:\hadoop-2.7.4\sbin;D:\apache-tomcat-9.0.2\lib;D:\apache-tomcat-9.0.2\bin;D:\Program Files\mysql-5.7.20-winx64\bin;D:\Program Files\mysql-5.7.20-winx64\bin;"D:\Program Files\Java\jdk1.8.0_131\bin;D:\Program Files\Java\jdk1.8.0_131\jre\bin";D:\Program Files\Java\jdk1.8.0_131\bin;D:\VisualSVN Server\bin;E:\Study\apache-maven-3.5.4\bin;D:\Program Files\Git\cmd;D:\Program Files\TortoiseGit\bin;E:\eclipse for j2ee\gradle-4.10.2\bin;D:\Program Files\Java\jdk1.8.0_131\bin;D:\Program Files\nodejs\;D:\Program Files (x86)\Scripts\;D:\Program Files (x86)\;C:\Users\Administrator.SG-20160911WJVD\AppData\Local\Microsoft\WindowsApps;;D:\Program Files (x86)\Diffuse;C:\Users\Administrator.SG-20160911WJVD\AppData\Roaming\npm;.}, sun.arch={sun.arch.data.model=64}, com.mchange.v2.log.jdk14logging={com.mchange.v2.log.jdk14logging.suppressStackWalk=true}, java.vendor={java.vendor.url.bug=http://bugreport.sun.com/bugreport/, java.vendor.url=http://java.oracle.com/}, java.io={java.io.tmpdir=C:\Users\ADMINI~1.SG-\AppData\Local\Temp\}, java.endorsed={java.endorsed.dirs=D:\Program Files\Java\jdk1.8.0_131\jre\lib\endorsed}, surefire.real.class={surefire.real.class.path=C:\Users\ADMINI~1.SG-\AppData\Local\Temp\surefire7262330455710934960\surefirebooter785098290000920371.jar}, sun.jnu={sun.jnu.encoding=GBK}, surefire.real={surefire.real.class.path=C:\Users\ADMINI~1.SG-\AppData\Local\Temp\surefire7262330455710934960\surefirebooter785098290000920371.jar}, user={user.name=ZLL, user.timezone=Asia/Shanghai, user.country=CN, user.dir=E:\cyan\EBusiness, user.home=C:\Users\Administrator.SG-20160911WJVD, user.language=zh, user.script=, user.variant=}, sun.cpu={sun.cpu.endian=little, sun.cpu.isalist=amd64}, awt={awt.toolkit=sun.awt.windows.WToolkit}} ]
[com.mchange.v2.c3p0.C3P0Registry] - Initializing c3p0-0.9.5.2 [built 08-December-2015 22:06:04 -0800; debug? true; trace: 10]
[com.mchange.v2.c3p0.management.DynamicPooledDataSourceManagerMBean] - MBean: com.mchange.v2.c3p0:type=PooledDataSource,identityToken=1b60m3sa2lvuk6q1w4z2yl|5afa3c9,name=1b60m3sa2lvuk6q1w4z2yl|5afa3c9 registered.
[com.mchange.v2.c3p0.management.DynamicPooledDataSourceManagerMBean] - MBean: com.mchange.v2.c3p0:type=PooledDataSource,identityToken=1b60m3sa2lvuk6q1w4z2yl|5afa3c9,name=1b60m3sa2lvuk6q1w4z2yl|5afa3c9 unregistered, in order to be reregistered after update.
[com.mchange.v2.c3p0.management.DynamicPooledDataSourceManagerMBean] - MBean: com.mchange.v2.c3p0:type=PooledDataSource,identityToken=1b60m3sa2lvuk6q1w4z2yl|5afa3c9,name=1b60m3sa2lvuk6q1w4z2yl|5afa3c9 registered.
]]></system-out>
    <system-err><![CDATA[四月 24, 2019 6:24:01 下午 org.springframework.test.context.support.AbstractTestContextBootstrapper getDefaultTestExecutionListenerClassNames
信息: Loaded default TestExecutionListener class names from location [META-INF/spring.factories]: [org.springframework.test.context.web.ServletTestExecutionListener, org.springframework.test.context.support.DirtiesContextBeforeModesTestExecutionListener, org.springframework.test.context.support.DependencyInjectionTestExecutionListener, org.springframework.test.context.support.DirtiesContextTestExecutionListener, org.springframework.test.context.transaction.TransactionalTestExecutionListener, org.springframework.test.context.jdbc.SqlScriptsTestExecutionListener]
四月 24, 2019 6:24:01 下午 org.springframework.test.context.support.AbstractTestContextBootstrapper getTestExecutionListeners
信息: Using TestExecutionListeners: [org.springframework.test.context.web.ServletTestExecutionListener@65e2dbf3, org.springframework.test.context.support.DirtiesContextBeforeModesTestExecutionListener@4f970963, org.springframework.test.context.support.DependencyInjectionTestExecutionListener@61f8bee4, org.springframework.test.context.support.DirtiesContextTestExecutionListener@7b49cea0, org.springframework.test.context.transaction.TransactionalTestExecutionListener@887af79, org.springframework.test.context.jdbc.SqlScriptsTestExecutionListener@7fac631b]
]]></system-err>
  </testcase>
</testsuite>